#
# There is insufficient memory for the Java Runtime Environment to continue.
# Native memory allocation (malloc) failed to allocate 1024016 bytes for Chunk::new
# Possible reasons:
#   The system is out of physical RAM or swap space
#   In 32 bit mode, the process size limit was hit
# Possible solutions:
#   Reduce memory load on the system
#   Increase physical memory or swap space
#   Check if swap backing store is full
#   Use 64 bit Java on a 64 bit OS
#   Decrease Java heap size (-Xmx/-Xms)
#   Decrease number of Java threads
#   Decrease Java thread stack sizes (-Xss)
#   Set larger code cache with -XX:ReservedCodeCacheSize=
# This output file may be truncated or incomplete.
#
#  Out of Memory Error (allocation.cpp:390), pid=7624, tid=0x0000000000007174
#
# JRE version: Java(TM) SE Runtime Environment (8.0_101-b13) (build 1.8.0_101-b13)
# Java VM: Java HotSpot(TM) 64-Bit Server VM (25.101-b13 mixed mode windows-amd64 compressed oops)
# Failed to write core dump. Minidumps are not enabled by default on client versions of Windows
#

---------------  T H R E A D  ---------------

Current thread (0x000000001492d800):  JavaThread "C2 CompilerThread0" daemon [_thread_in_native, id=29044, stack(0x0000000015f80000,0x0000000016080000)]

Stack: [0x0000000015f80000,0x0000000016080000]
[error occurred during error reporting (printing stack bounds), id 0xc0000005]

Native frames: (J=compiled Java code, j=interpreted, Vv=VM code, C=native code)


Current CompileTask:
C2:   9454 2137   !   4       com.android.dx.cf.code.Ropper::processBlock (1101 bytes)


---------------  P R O C E S S  ---------------

Java Threads: ( => current thread )
  0x00000000163f3800 JavaThread "pool-1-thread-4" [_thread_blocked, id=29304, stack(0x0000000016c80000,0x0000000016d80000)]
  0x00000000163ef800 JavaThread "pool-1-thread-3" [_thread_in_Java, id=29216, stack(0x0000000016b80000,0x0000000016c80000)]
  0x00000000163ee800 JavaThread "pool-1-thread-2" [_thread_in_Java, id=23492, stack(0x0000000016a80000,0x0000000016b80000)]
  0x00000000163ed000 JavaThread "pool-2-thread-1" [_thread_blocked, id=26276, stack(0x0000000016980000,0x0000000016a80000)]
  0x00000000163e0000 JavaThread "pool-1-thread-1" [_thread_in_Java, id=24680, stack(0x0000000016880000,0x0000000016980000)]
  0x0000000016186000 JavaThread "Service Thread" daemon [_thread_blocked, id=18968, stack(0x0000000016680000,0x0000000016780000)]
  0x0000000016180800 JavaThread "C1 CompilerThread2" daemon [_thread_blocked, id=30640, stack(0x0000000016580000,0x0000000016680000)]
  0x0000000014932800 JavaThread "C2 CompilerThread1" daemon [_thread_in_native, id=28588, stack(0x0000000016080000,0x0000000016180000)]
=>0x000000001492d800 JavaThread "C2 CompilerThread0" daemon [_thread_in_native, id=29044, stack(0x0000000015f80000,0x0000000016080000)]
  0x000000001492b800 JavaThread "Attach Listener" daemon [_thread_blocked, id=2652, stack(0x0000000015e80000,0x0000000015f80000)]
  0x000000001492a000 JavaThread "Signal Dispatcher" daemon [_thread_blocked, id=3320, stack(0x0000000015d80000,0x0000000015e80000)]
  0x000000001491a800 JavaThread "Finalizer" daemon [_thread_blocked, id=27368, stack(0x0000000015b90000,0x0000000015c90000)]
  0x00000000148f9000 JavaThread "Reference Handler" daemon [_thread_blocked, id=29592, stack(0x0000000015a90000,0x0000000015b90000)]
  0x0000000001fdd800 JavaThread "main" [_thread_in_vm, id=29720, stack(0x0000000001fe0000,0x00000000020e0000)]

Other Threads:
  0x00000000148f7800 VMThread [stack: 0x0000000015990000,0x0000000015a90000] [id=30024]
  0x0000000016194800 WatcherThread [stack: 0x0000000016780000,0x0000000016880000] [id=31020]

VM state:not at safepoint (normal execution)

VM Mutex/Monitor currently owned by a thread:  ([mutex/lock_event])
[0x0000000001fdc890] Heap_lock - owner thread: 0x00000000163f3800

Heap:
 PSYoungGen      total 232960K, used 173186K [0x00000000eab00000, 0x0000000100000000, 0x0000000100000000)
  eden space 116736K, 48% used [0x00000000eab00000,0x00000000ee2a2888,0x00000000f1d00000)
  from space 116224K, 99% used [0x00000000f1d00000,0x00000000f8e7e368,0x00000000f8e80000)
  to   space 116224K, 0% used [0x00000000f8e80000,0x00000000f8e80000,0x0000000100000000)
 ParOldGen       total 558080K, used 251840K [0x00000000c0000000, 0x00000000e2100000, 0x00000000eab00000)
  object space 558080K, 45% used [0x00000000c0000000,0x00000000cf5f0110,0x00000000e2100000)
 Metaspace       used 6483K, capacity 7192K, committed 7424K, reserved 1056768K
  class space    used 624K, capacity 656K, committed 768K, reserved 1048576K

Card table byte_map: [0x0000000011620000,0x0000000011830000] byte_map_base: 0x0000000011020000

Marking Bits: (ParMarkBitMap*) 0x000000005568a6d0
 Begin Bits: [0x0000000011d90000, 0x0000000012d90000)
 End Bits:   [0x0000000012d90000, 0x0000000013d90000)

Polling page: 0x0000000000480000

CodeCache: size=245760Kb used=9497Kb max_used=9513Kb free=236262Kb
 bounds [0x0000000002260000, 0x0000000002bc0000, 0x0000000011260000]
 total_blobs=2287 nmethods=2018 adapters=181
 compilation: enabled

Compilation events (10 events):
Event: 9.334 Thread 0x0000000016180800 2142       2       com.android.dx.cf.direct.AnnotationParser::<init> (69 bytes)
Event: 9.334 Thread 0x0000000016180800 nmethod 2142 0x0000000002b75dd0 code [0x0000000002b75f80, 0x0000000002b764a8]
Event: 9.337 Thread 0x0000000016180800 2143       2       java.util.HashMap$Values::iterator (12 bytes)
Event: 9.337 Thread 0x0000000016180800 nmethod 2143 0x0000000002b73ad0 code [0x0000000002b73c40, 0x0000000002b73e28]
Event: 9.337 Thread 0x0000000014932800 nmethod 2138% 0x0000000002b910d0 code [0x0000000002b91380, 0x0000000002b93208]
Event: 9.337 Thread 0x0000000014932800 2140       4       com.android.dx.ssa.back.IdenticalBlockCombiner::process (323 bytes)
Event: 9.337 Thread 0x0000000016180800 2144       2       java.util.HashMap$ValueIterator::<init> (11 bytes)
Event: 9.337 Thread 0x0000000016180800 nmethod 2144 0x0000000002b75a50 code [0x0000000002b75bc0, 0x0000000002b75d48]
Event: 9.338 Thread 0x0000000016180800 2145       2       com.android.dx.dex.file.MethodAnnotationStruct::<init> (43 bytes)
Event: 9.339 Thread 0x0000000016180800 nmethod 2145 0x0000000002b75490 code [0x0000000002b75620, 0x0000000002b758f8]

GC Heap History (10 events):
Event: 4.621 GC heap before
{Heap before GC invocations=6 (full 1):
 PSYoungGen      total 204800K, used 196608K [0x00000000eab00000, 0x00000000f7b00000, 0x0000000100000000)
  eden space 196608K, 100% used [0x00000000eab00000,0x00000000f6b00000,0x00000000f6b00000)
  from space 8192K, 0% used [0x00000000f7300000,0x00000000f7300000,0x00000000f7b00000)
  to   space 8192K, 0% used [0x00000000f6b00000,0x00000000f6b00000,0x00000000f7300000)
 ParOldGen       total 236544K, used 91687K [0x00000000c0000000, 0x00000000ce700000, 0x00000000eab00000)
  object space 236544K, 38% used [0x00000000c0000000,0x00000000c5989c90,0x00000000ce700000)
 Metaspace       used 6419K, capacity 7192K, committed 7424K, reserved 1056768K
  class space    used 623K, capacity 656K, committed 768K, reserved 1048576K
Event: 4.697 GC heap after
Heap after GC invocations=6 (full 1):
 PSYoungGen      total 204800K, used 8192K [0x00000000eab00000, 0x0000000100000000, 0x0000000100000000)
  eden space 196608K, 0% used [0x00000000eab00000,0x00000000eab00000,0x00000000f6b00000)
  from space 8192K, 100% used [0x00000000f6b00000,0x00000000f7300000,0x00000000f7300000)
  to   space 111104K, 0% used [0x00000000f9380000,0x00000000f9380000,0x0000000100000000)
 ParOldGen       total 236544K, used 179413K [0x00000000c0000000, 0x00000000ce700000, 0x00000000eab00000)
  object space 236544K, 75% used [0x00000000c0000000,0x00000000caf357b0,0x00000000ce700000)
 Metaspace       used 6419K, capacity 7192K, committed 7424K, reserved 1056768K
  class space    used 623K, capacity 656K, committed 768K, reserved 1048576K
}
Event: 4.697 GC heap before
{Heap before GC invocations=7 (full 2):
 PSYoungGen      total 204800K, used 8192K [0x00000000eab00000, 0x0000000100000000, 0x0000000100000000)
  eden space 196608K, 0% used [0x00000000eab00000,0x00000000eab00000,0x00000000f6b00000)
  from space 8192K, 100% used [0x00000000f6b00000,0x00000000f7300000,0x00000000f7300000)
  to   space 111104K, 0% used [0x00000000f9380000,0x00000000f9380000,0x0000000100000000)
 ParOldGen       total 236544K, used 179413K [0x00000000c0000000, 0x00000000ce700000, 0x00000000eab00000)
  object space 236544K, 75% used [0x00000000c0000000,0x00000000caf357b0,0x00000000ce700000)
 Metaspace       used 6419K, capacity 7192K, committed 7424K, reserved 1056768K
  class space    used 623K, capacity 656K, committed 768K, reserved 1048576K
Event: 5.701 GC heap after
Heap after GC invocations=7 (full 2):
 PSYoungGen      total 204800K, used 0K [0x00000000eab00000, 0x0000000100000000, 0x0000000100000000)
  eden space 196608K, 0% used [0x00000000eab00000,0x00000000eab00000,0x00000000f6b00000)
  from space 8192K, 0% used [0x00000000f6b00000,0x00000000f6b00000,0x00000000f7300000)
  to   space 111104K, 0% used [0x00000000f9380000,0x00000000f9380000,0x0000000100000000)
 ParOldGen       total 236544K, used 179146K [0x00000000c0000000, 0x00000000ce700000, 0x00000000eab00000)
  object space 236544K, 75% used [0x00000000c0000000,0x00000000caef2af8,0x00000000ce700000)
 Metaspace       used 6419K, capacity 7192K, committed 7424K, reserved 1056768K
  class space    used 623K, capacity 656K, committed 768K, reserved 1048576K
}
Event: 6.587 GC heap before
{Heap before GC invocations=8 (full 3):
 PSYoungGen      total 204800K, used 196608K [0x00000000eab00000, 0x0000000100000000, 0x0000000100000000)
  eden space 196608K, 100% used [0x00000000eab00000,0x00000000f6b00000,0x00000000f6b00000)
  from space 8192K, 0% used [0x00000000f6b00000,0x00000000f6b00000,0x00000000f7300000)
  to   space 111104K, 0% used [0x00000000f9380000,0x00000000f9380000,0x0000000100000000)
 ParOldGen       total 236544K, used 179146K [0x00000000c0000000, 0x00000000ce700000, 0x00000000eab00000)
  object space 236544K, 75% used [0x00000000c0000000,0x00000000caef2af8,0x00000000ce700000)
 Metaspace       used 6421K, capacity 7192K, committed 7424K, reserved 1056768K
  class space    used 623K, capacity 656K, committed 768K, reserved 1048576K
Event: 8.507 GC heap after
Heap after GC invocations=8 (full 3):
 PSYoungGen      total 204800K, used 0K [0x00000000eab00000, 0x0000000100000000, 0x0000000100000000)
  eden space 196608K, 0% used [0x00000000eab00000,0x00000000eab00000,0x00000000f6b00000)
  from space 8192K, 0% used [0x00000000f6b00000,0x00000000f6b00000,0x00000000f7300000)
  to   space 111104K, 0% used [0x00000000f9380000,0x00000000f9380000,0x0000000100000000)
 ParOldGen       total 558080K, used 232654K [0x00000000c0000000, 0x00000000e2100000, 0x00000000eab00000)
  object space 558080K, 41% used [0x00000000c0000000,0x00000000ce333a68,0x00000000e2100000)
 Metaspace       used 6421K, capacity 7192K, committed 7424K, reserved 1056768K
  class space    used 623K, capacity 656K, committed 768K, reserved 1048576K
}
Event: 9.127 GC heap before
{Heap before GC invocations=9 (full 3):
 PSYoungGen      total 204800K, used 196608K [0x00000000eab00000, 0x0000000100000000, 0x0000000100000000)
  eden space 196608K, 100% used [0x00000000eab00000,0x00000000f6b00000,0x00000000f6b00000)
  from space 8192K, 0% used [0x00000000f6b00000,0x00000000f6b00000,0x00000000f7300000)
  to   space 111104K, 0% used [0x00000000f9380000,0x00000000f9380000,0x0000000100000000)
 ParOldGen       total 558080K, used 232654K [0x00000000c0000000, 0x00000000e2100000, 0x00000000eab00000)
  object space 558080K, 41% used [0x00000000c0000000,0x00000000ce333a68,0x00000000e2100000)
 Metaspace       used 6480K, capacity 7192K, committed 7424K, reserved 1056768K
  class space    used 624K, capacity 656K, committed 768K, reserved 1048576K
Event: 9.238 GC heap after
Heap after GC invocations=9 (full 3):
 PSYoungGen      total 227840K, used 76679K [0x00000000eab00000, 0x0000000100000000, 0x0000000100000000)
  eden space 116736K, 0% used [0x00000000eab00000,0x00000000eab00000,0x00000000f1d00000)
  from space 111104K, 69% used [0x00000000f9380000,0x00000000fde61fc8,0x0000000100000000)
  to   space 116224K, 0% used [0x00000000f1d00000,0x00000000f1d00000,0x00000000f8e80000)
 ParOldGen       total 558080K, used 232654K [0x00000000c0000000, 0x00000000e2100000, 0x00000000eab00000)
  object space 558080K, 41% used [0x00000000c0000000,0x00000000ce333a68,0x00000000e2100000)
 Metaspace       used 6480K, capacity 7192K, committed 7424K, reserved 1056768K
  class space    used 624K, capacity 656K, committed 768K, reserved 1048576K
}
Event: 9.351 GC heap before
{Heap before GC invocations=10 (full 3):
 PSYoungGen      total 227840K, used 193415K [0x00000000eab00000, 0x0000000100000000, 0x0000000100000000)
  eden space 116736K, 100% used [0x00000000eab00000,0x00000000f1d00000,0x00000000f1d00000)
  from space 111104K, 69% used [0x00000000f9380000,0x00000000fde61fc8,0x0000000100000000)
  to   space 116224K, 0% used [0x00000000f1d00000,0x00000000f1d00000,0x00000000f8e80000)
 ParOldGen       total 558080K, used 232654K [0x00000000c0000000, 0x00000000e2100000, 0x00000000eab00000)
  object space 558080K, 41% used [0x00000000c0000000,0x00000000ce333a68,0x00000000e2100000)
 Metaspace       used 6483K, capacity 7192K, committed 7424K, reserved 1056768K
  class space    used 624K, capacity 656K, committed 768K, reserved 1048576K
Event: 9.427 GC heap after
Heap after GC invocations=10 (full 3):
 PSYoungGen      total 232960K, used 116216K [0x00000000eab00000, 0x0000000100000000, 0x0000000100000000)
  eden space 116736K, 0% used [0x00000000eab00000,0x00000000eab00000,0x00000000f1d00000)
  from space 116224K, 99% used [0x00000000f1d00000,0x00000000f8e7e368,0x00000000f8e80000)
  to   space 116224K, 0% used [0x00000000f8e80000,0x00000000f8e80000,0x0000000100000000)
 ParOldGen       total 558080K, used 251840K [0x00000000c0000000, 0x00000000e2100000, 0x00000000eab00000)
  object space 558080K, 45% used [0x00000000c0000000,0x00000000cf5f0110,0x00000000e2100000)
 Metaspace       used 6483K, capacity 7192K, committed 7424K, reserved 1056768K
  class space    used 624K, capacity 656K, committed 768K, reserved 1048576K
}

Deoptimization events (10 events):
Event: 8.660 Thread 0x0000000001fdd800 Uncommon trap: reason=bimorphic action=maybe_recompile pc=0x00000000029d4844 method=com.android.dx.cf.code.RopperMachine.run(Lcom/android/dx/cf/code/Frame;II)V @ 310
Event: 8.660 Thread 0x0000000001fdd800 Uncommon trap: reason=bimorphic action=maybe_recompile pc=0x00000000029d4844 method=com.android.dx.cf.code.RopperMachine.run(Lcom/android/dx/cf/code/Frame;II)V @ 310
Event: 8.660 Thread 0x0000000001fdd800 Uncommon trap: reason=bimorphic action=maybe_recompile pc=0x00000000029d4844 method=com.android.dx.cf.code.RopperMachine.run(Lcom/android/dx/cf/code/Frame;II)V @ 310
Event: 8.660 Thread 0x0000000001fdd800 Uncommon trap: reason=bimorphic action=maybe_recompile pc=0x00000000029d4844 method=com.android.dx.cf.code.RopperMachine.run(Lcom/android/dx/cf/code/Frame;II)V @ 310
Event: 8.679 Thread 0x0000000001fdd800 Uncommon trap: reason=unstable_if action=reinterpret pc=0x0000000002a741a4 method=com.android.dx.cf.code.Ropper.isSynchronized()Z @ 12
Event: 8.771 Thread 0x0000000001fdd800 Uncommon trap: reason=unstable_if action=reinterpret pc=0x00000000029ebf54 method=com.android.dx.cf.code.Merger.mergeType(Lcom/android/dx/rop/type/TypeBearer;Lcom/android/dx/rop/type/TypeBearer;)Lcom/android/dx/rop/type/TypeBearer; @ 52
Event: 8.781 Thread 0x0000000001fdd800 Uncommon trap: reason=bimorphic action=maybe_recompile pc=0x00000000029a5fec method=com.android.dx.cf.code.BytecodeArray.parseInstruction(ILcom/android/dx/cf/code/BytecodeArray$Visitor;)I @ 1357
Event: 8.781 Thread 0x0000000001fdd800 Uncommon trap: reason=bimorphic action=maybe_recompile pc=0x00000000029a5fec method=com.android.dx.cf.code.BytecodeArray.parseInstruction(ILcom/android/dx/cf/code/BytecodeArray$Visitor;)I @ 1357
Event: 8.782 Thread 0x0000000001fdd800 Uncommon trap: reason=bimorphic action=maybe_recompile pc=0x00000000029a8d5c method=com.android.dx.cf.code.BytecodeArray.parseInstruction(ILcom/android/dx/cf/code/BytecodeArray$Visitor;)I @ 2135
Event: 8.783 Thread 0x0000000001fdd800 Uncommon trap: reason=bimorphic action=maybe_recompile pc=0x00000000029a8d5c method=com.android.dx.cf.code.BytecodeArray.parseInstruction(ILcom/android/dx/cf/code/BytecodeArray$Visitor;)I @ 2135

Internal exceptions (6 events):
Event: 0.040 Thread 0x0000000001fdd800 Exception <a 'java/lang/NoSuchMethodError': Method sun.misc.Unsafe.defineClass(Ljava/lang/String;[BII)Ljava/lang/Class; name or signature does not match> (0x00000000eab07cc0) thrown at [C:\re\workspace\8-2-build-windows-amd64-cygwin\jdk8u101\7261\hotspot\s√˚ûóËO§?
Event: 0.040 Thread 0x0000000001fdd800 Exception <a 'java/lang/NoSuchMethodError': Method sun.misc.Unsafe.prefetchRead(Ljava/lang/Object;J)V name or signature does not match> (0x00000000eab07fa8) thrown at [C:\re\workspace\8-2-build-windows-amd64-cygwin\jdk8u101\7261\hotspot\src\share\vm\prims\èµeï÷Ò?
Event: 1.115 Thread 0x00000000163ef800 Implicit null exception at 0x0000000002515c62 to 0x0000000002515d52
Event: 2.615 Thread 0x00000000163ef800 Exception <a 'java/lang/ArrayIndexOutOfBoundsException': 18> (0x00000000eb8f81d8) thrown at [C:\re\workspace\8-2-build-windows-amd64-cygwin\jdk8u101\7261\hotspot\src\share\vm\interpreter\interpreterRuntime.cpp, line 366]
Event: 2.616 Thread 0x00000000163ef800 Exception <a 'java/lang/ArrayIndexOutOfBoundsException': 145> (0x00000000eb8f9d58) thrown at [C:\re\workspace\8-2-build-windows-amd64-cygwin\jdk8u101\7261\hotspot\src\share\vm\interpreter\interpreterRuntime.cpp, line 366]
Event: 2.616 Thread 0x00000000163ef800 Exception <a 'java/lang/ArrayIndexOutOfBoundsException'> (0x00000000eb8fb040) thrown at [C:\re\workspace\8-2-build-windows-amd64-cygwin\jdk8u101\7261\hotspot\src\share\vm\runtime\sharedRuntime.cpp, line 605]

Events (10 events):
Event: 9.323 Thread 0x0000000001fdd800 DEOPT PACKING pc=0x00000000027f74a2 sp=0x00000000020de0d0
Event: 9.323 Thread 0x0000000001fdd800 DEOPT UNPACKING pc=0x00000000022a787f sp=0x00000000020dde48 mode 0
Event: 9.323 Thread 0x0000000001fdd800 DEOPT PACKING pc=0x0000000002b144cc sp=0x00000000020ddee0
Event: 9.323 Thread 0x0000000001fdd800 DEOPT UNPACKING pc=0x00000000022a787f sp=0x00000000020dde10 mode 0
Event: 9.330 Thread 0x0000000001fdd800 DEOPT PACKING pc=0x00000000026e4c99 sp=0x00000000020de0a0
Event: 9.330 Thread 0x0000000001fdd800 DEOPT UNPACKING pc=0x00000000022a787f sp=0x00000000020dde00 mode 0
Event: 9.347 Executing VM operation: ParallelGCFailedAllocation
Event: 9.427 Executing VM operation: ParallelGCFailedAllocation done
Event: 9.436 Thread 0x00000000163ee800 DEOPT PACKING pc=0x00000000026bf497 sp=0x0000000016b7e9f0
Event: 9.436 Thread 0x00000000163ee800 DEOPT UNPACKING pc=0x00000000022a787f sp=0x0000000016b7e7d8 mode 0


Dynamic libraries:
0x00007ff6a8f40000 - 0x00007ff6a8f77000 	C:\Program Files\Java\jdk1.8.0_101\bin\java.exe
0x00007ffa035a0000 - 0x00007ffa03771000 	C:\WINDOWS\SYSTEM32\ntdll.dll
0x00007ffa013d0000 - 0x00007ffa0147b000 	C:\WINDOWS\System32\KERNEL32.DLL
0x00007ffa003f0000 - 0x00007ffa0060d000 	C:\WINDOWS\System32\KERNELBASE.dll
0x00007ffa034b0000 - 0x00007ffa03552000 	C:\WINDOWS\System32\ADVAPI32.dll
0x00007ffa02d70000 - 0x00007ffa02e0e000 	C:\WINDOWS\System32\msvcrt.dll
0x00007ffa01070000 - 0x00007ffa010c9000 	C:\WINDOWS\System32\sechost.dll
0x00007ffa010e0000 - 0x00007ffa01201000 	C:\WINDOWS\System32\RPCRT4.dll
0x00007ffa02e10000 - 0x00007ffa02f75000 	C:\WINDOWS\System32\USER32.dll
0x0000000057b30000 - 0x0000000057b4e000 	C:\WINDOWS\System32\win32u.dll
0x00007ffa03560000 - 0x00007ffa03594000 	C:\WINDOWS\System32\GDI32.dll
0x00007ffa008f0000 - 0x00007ffa00a72000 	C:\WINDOWS\System32\gdi32full.dll
0x00007ff9f2670000 - 0x00007ff9f28e9000 	C:\WINDOWS\WinSxS\amd64_microsoft.windows.common-controls_6595b64144ccf1df_6.0.14393.447_none_42191651c6827bb3\COMCTL32.dll
0x00007ffa00d90000 - 0x00007ffa01057000 	C:\WINDOWS\System32\combase.dll
0x00007ffa002f0000 - 0x00007ffa003e5000 	C:\WINDOWS\System32\ucrtbase.dll
0x00007ffa001e0000 - 0x00007ffa0024a000 	C:\WINDOWS\System32\bcryptPrimitives.dll
0x00007ffa00cf0000 - 0x00007ffa00d1e000 	C:\WINDOWS\System32\IMM32.DLL
0x0000000057080000 - 0x0000000057152000 	C:\Program Files\Java\jdk1.8.0_101\jre\bin\msvcr100.dll
0x0000000054e70000 - 0x000000005570a000 	C:\Program Files\Java\jdk1.8.0_101\jre\bin\server\jvm.dll
0x00007ffa01350000 - 0x00007ffa01358000 	C:\WINDOWS\System32\PSAPI.DLL
0x00007ff9f6970000 - 0x00007ff9f6979000 	C:\WINDOWS\SYSTEM32\WSOCK32.dll
0x00007ffa01360000 - 0x00007ffa013ca000 	C:\WINDOWS\System32\WS2_32.dll
0x00007ff9fda90000 - 0x00007ff9fdab3000 	C:\WINDOWS\SYSTEM32\WINMM.dll
0x00007ff9fece0000 - 0x00007ff9fecea000 	C:\WINDOWS\SYSTEM32\VERSION.dll
0x00007ff9fd920000 - 0x00007ff9fd94b000 	C:\WINDOWS\SYSTEM32\WINMMBASE.dll
0x00007ff9ffab0000 - 0x00007ff9ffaf2000 	C:\WINDOWS\System32\cfgmgr32.dll
0x0000000057500000 - 0x000000005750f000 	C:\Program Files\Java\jdk1.8.0_101\jre\bin\verify.dll
0x00000000574d0000 - 0x00000000574f9000 	C:\Program Files\Java\jdk1.8.0_101\jre\bin\java.dll
0x00000000574b0000 - 0x00000000574c6000 	C:\Program Files\Java\jdk1.8.0_101\jre\bin\zip.dll
0x00007ffa014e0000 - 0x00007ffa029e9000 	C:\WINDOWS\System32\SHELL32.dll
0x00007ff9ffb00000 - 0x00007ffa001da000 	C:\WINDOWS\System32\windows.storage.dll
0x00007ff9ffa40000 - 0x00007ff9ffa8c000 	C:\WINDOWS\System32\powrprof.dll
0x00007ffa03020000 - 0x00007ffa03072000 	C:\WINDOWS\System32\shlwapi.dll
0x00007ff9ffaa0000 - 0x00007ff9ffaaf000 	C:\WINDOWS\System32\kernel.appcore.dll
0x00007ffa00610000 - 0x00007ffa006b9000 	C:\WINDOWS\System32\shcore.dll
0x00007ff9ffa20000 - 0x00007ff9ffa34000 	C:\WINDOWS\System32\profapi.dll

VM Arguments:
jvm_args: -Djava.awt.headless=true -Xmx1024M -Dfile.encoding=windows-1252 -Duser.country=US -Duser.language=en -Duser.variant 
java_command: com.android.dx.command.Main --dex --num-threads=4 --output C:\Users\arhil\OneDrive\Documents\GitHub\490_project\app\build\intermediates\pre-dexed\debug\com.google.android.gms-play-services-ads-9.8.0_876d060bf8604bfddc724a0e0b060e64cea9363b.jar C:\Users\arhil\OneDrive\Documents\GitHub\490_project\app\build\intermediates\exploded-aar\com.google.android.gms\play-services-ads\9.8.0\jars\classes.jar
java_class_path (initial): C:\Users\arhil\AppData\Local\Android\Sdk\build-tools\25.0.0\lib\dx.jar
Launcher Type: SUN_STANDARD

Environment Variables:
PATH=C:\ProgramData\Oracle\Java\javapath;C:\WINDOWS\system32;C:\WINDOWS;C:\WINDOWS\System32\Wbem;C:\WINDOWS\System32\WindowsPowerShell\v1.0\;C:\Program Files (x86)\Microsoft ASP.NET\ASP.NET Web Pages\v1.0\;C:\Program Files (x86)\Windows Kits\8.0\Windows Performance Toolkit\;C:\Program Files\Microsoft SQL Server\110\Tools\Binn\;C:\Program Files (x86)\Microsoft SQL Server\110\Tools\Binn\ManagementStudio\;C:\Program Files (x86)\Microsoft SQL Server\110\Tools\Binn\;C:\Program Files (x86)\Microsoft SQL Server\110\DTS\Binn\;C:\Program Files (x86)\Skype\Phone\;C:\Program Files (x86)\NVIDIA Corporation\PhysX\Common;C:\Program Files\nodejs\;C:\Program Files\Microsoft\Web Platform Installer\;C:\Program Files\Microsoft SQL Server\120\Tools\Binn\;C:\Program Files\Git\cmd;C:\WINDOWS\system32;C:\WINDOWS;C:\WINDOWS\System32\Wbem;C:\WINDOWS\System32\WindowsPowerShell\v1.0\;C:\Program Files (x86)\Windows Live\Shared;C:\Users\arhil\AppData\Roaming\npm;C:\Program Files (x86)\Microsoft VS Code\bin;C:\Users\arhil\AppData\Local\Microsoft\WindowsApps;
USERNAME=arhil
OS=Windows_NT
PROCESSOR_IDENTIFIER=Intel64 Family 6 Model 58 Stepping 9, GenuineIntel



---------------  S Y S T E M  ---------------

OS: Windows 10.0 , 64 bit Build 14393 (10.0.14393.0)

CPU:total 4 (4 cores per cpu, 1 threads per core) family 6 model 58 stepping 9, cmov, cx8, fxsr, mmx, sse, sse2, sse3, ssse3, sse4.1, sse4.2, popcnt, avx, aes, clmul, erms, tsc, tscinvbit, tscinv

Memory: 4k page, physical 12465892k(2229732k free), swap 16866756k(5388k free)

vm_info: Java HotSpot(TM) 64-Bit Server VM (25.101-b13) for windows-amd64 JRE (1.8.0_101-b13), built on Jun 22 2016 01:21:29 by "java_re" with MS VC++ 10.0 (VS2010)

time: Sat Nov 19 11:59:54 2016
elapsed time: 9 seconds (0d 0h 0m 9s)

