#
# There is insufficient memory for the Java Runtime Environment to continue.
# Native memory allocation (malloc) failed to allocate 1048576 bytes for AllocateHeap
# Possible reasons:
#   The system is out of physical RAM or swap space
#   In 32 bit mode, the process size limit was hit
# Possible solutions:
#   Reduce memory load on the system
#   Increase physical memory or swap space
#   Check if swap backing store is full
#   Use 64 bit Java on a 64 bit OS
#   Decrease Java heap size (-Xmx/-Xms)
#   Decrease number of Java threads
#   Decrease Java thread stack sizes (-Xss)
#   Set larger code cache with -XX:ReservedCodeCacheSize=
# This output file may be truncated or incomplete.
#
#  Out of Memory Error (memory/allocation.inline.hpp:61), pid=24316, tid=0x00000000000060f4
#
# JRE version:  (8.0_101-b13) (build )
# Java VM: Java HotSpot(TM) 64-Bit Server VM (25.101-b13 mixed mode windows-amd64 compressed oops)
# Failed to write core dump. Minidumps are not enabled by default on client versions of Windows
#

---------------  T H R E A D  ---------------

Current thread (0x0000000002f8d800):  JavaThread "Unknown thread" [_thread_in_vm, id=24820, stack(0x0000000002de0000,0x0000000002ee0000)]

Stack: [0x0000000002de0000,0x0000000002ee0000]
[error occurred during error reporting (printing stack bounds), id 0xc0000005]

Native frames: (J=compiled Java code, j=interpreted, Vv=VM code, C=native code)


---------------  P R O C E S S  ---------------

Java Threads: ( => current thread )

Other Threads:

=>0x0000000002f8d800 (exited) JavaThread "Unknown thread" [_thread_in_vm, id=24820, stack(0x0000000002de0000,0x0000000002ee0000)]

VM state:not at safepoint (normal execution)

VM Mutex/Monitor currently owned by a thread: None

Heap:
 PSYoungGen      total 57344K, used 983K [0x00000000eab00000, 0x00000000eeb00000, 0x0000000100000000)
  eden space 49152K, 2% used [0x00000000eab00000,0x00000000eabf5c38,0x00000000edb00000)
  from space 8192K, 0% used [0x00000000ee300000,0x00000000ee300000,0x00000000eeb00000)
  to   space 8192K, 0% used [0x00000000edb00000,0x00000000edb00000,0x00000000ee300000)
 ParOldGen       total 131072K, used 0K [0x00000000c0000000, 0x00000000c8000000, 0x00000000eab00000)
  object space 131072K, 0% used [0x00000000c0000000,0x00000000c0000000,0x00000000c8000000)
 Metaspace       used 769K, capacity 4480K, committed 4480K, reserved 1056768K
  class space    used 75K, capacity 384K, committed 384K, reserved 1048576K

Card table byte_map: [0x0000000012590000,0x00000000127a0000] byte_map_base: 0x0000000011f90000

Marking Bits: (ParMarkBitMap*) 0x000000005568a6d0
 Begin Bits: [0x0000000012d00000, 0x0000000013d00000)
 End Bits:   [0x0000000013d00000, 0x0000000014d00000)

Polling page: 0x0000000002ee0000

CodeCache: size=245760Kb used=328Kb max_used=328Kb free=245431Kb
 bounds [0x00000000031d0000, 0x0000000003440000, 0x00000000121d0000]
 total_blobs=58 nmethods=0 adapters=38
 compilation: enabled

Compilation events (0 events):
No events

GC Heap History (0 events):
No events

Deoptimization events (0 events):
No events

Internal exceptions (0 events):
No events

Events (10 events):
Event: 0.174 loading class java/lang/Short
Event: 0.174 loading class java/lang/Short done
Event: 0.174 loading class java/lang/Integer
Event: 0.174 loading class java/lang/Integer done
Event: 0.174 loading class java/lang/Long
Event: 0.174 loading class java/lang/Long done
Event: 0.175 loading class java/lang/NullPointerException
Event: 0.175 loading class java/lang/NullPointerException done
Event: 0.175 loading class java/lang/ArithmeticException
Event: 0.175 loading class java/lang/ArithmeticException done


Dynamic libraries:
0x00007ff6a8f40000 - 0x00007ff6a8f77000 	C:\Program Files\Java\jdk1.8.0_101\bin\java.exe
0x00007ffa035a0000 - 0x00007ffa03771000 	C:\WINDOWS\SYSTEM32\ntdll.dll
0x00007ffa013d0000 - 0x00007ffa0147b000 	C:\WINDOWS\System32\KERNEL32.DLL
0x00007ffa003f0000 - 0x00007ffa0060d000 	C:\WINDOWS\System32\KERNELBASE.dll
0x00007ffa034b0000 - 0x00007ffa03552000 	C:\WINDOWS\System32\ADVAPI32.dll
0x00007ffa02d70000 - 0x00007ffa02e0e000 	C:\WINDOWS\System32\msvcrt.dll
0x00007ffa01070000 - 0x00007ffa010c9000 	C:\WINDOWS\System32\sechost.dll
0x00007ffa010e0000 - 0x00007ffa01201000 	C:\WINDOWS\System32\RPCRT4.dll
0x00007ffa02e10000 - 0x00007ffa02f75000 	C:\WINDOWS\System32\USER32.dll
0x0000000057b30000 - 0x0000000057b4e000 	C:\WINDOWS\System32\win32u.dll
0x00007ffa03560000 - 0x00007ffa03594000 	C:\WINDOWS\System32\GDI32.dll
0x00007ffa008f0000 - 0x00007ffa00a72000 	C:\WINDOWS\System32\gdi32full.dll
0x00007ff9f2670000 - 0x00007ff9f28e9000 	C:\WINDOWS\WinSxS\amd64_microsoft.windows.common-controls_6595b64144ccf1df_6.0.14393.447_none_42191651c6827bb3\COMCTL32.dll
0x00007ffa00d90000 - 0x00007ffa01057000 	C:\WINDOWS\System32\combase.dll
0x00007ffa002f0000 - 0x00007ffa003e5000 	C:\WINDOWS\System32\ucrtbase.dll
0x00007ffa001e0000 - 0x00007ffa0024a000 	C:\WINDOWS\System32\bcryptPrimitives.dll
0x00007ffa00cf0000 - 0x00007ffa00d1e000 	C:\WINDOWS\System32\IMM32.DLL
0x0000000057080000 - 0x0000000057152000 	C:\Program Files\Java\jdk1.8.0_101\jre\bin\msvcr100.dll
0x0000000054e70000 - 0x000000005570a000 	C:\Program Files\Java\jdk1.8.0_101\jre\bin\server\jvm.dll
0x00007ffa01350000 - 0x00007ffa01358000 	C:\WINDOWS\System32\PSAPI.DLL
0x00007ff9f6970000 - 0x00007ff9f6979000 	C:\WINDOWS\SYSTEM32\WSOCK32.dll
0x00007ffa01360000 - 0x00007ffa013ca000 	C:\WINDOWS\System32\WS2_32.dll
0x00007ff9fda90000 - 0x00007ff9fdab3000 	C:\WINDOWS\SYSTEM32\WINMM.dll
0x00007ff9fece0000 - 0x00007ff9fecea000 	C:\WINDOWS\SYSTEM32\VERSION.dll
0x00007ff9fd920000 - 0x00007ff9fd94b000 	C:\WINDOWS\SYSTEM32\WINMMBASE.dll
0x00007ff9ffab0000 - 0x00007ff9ffaf2000 	C:\WINDOWS\System32\cfgmgr32.dll
0x0000000057500000 - 0x000000005750f000 	C:\Program Files\Java\jdk1.8.0_101\jre\bin\verify.dll
0x00000000574d0000 - 0x00000000574f9000 	C:\Program Files\Java\jdk1.8.0_101\jre\bin\java.dll
0x00000000574b0000 - 0x00000000574c6000 	C:\Program Files\Java\jdk1.8.0_101\jre\bin\zip.dll

VM Arguments:
jvm_args: -Djava.awt.headless=true -Xmx1024M -Dfile.encoding=windows-1252 -Duser.country=US -Duser.language=en -Duser.variant 
java_command: com.android.dx.command.Main --dex --num-threads=4 --output C:\Users\arhil\OneDrive\Documents\GitHub\490_project\app\build\intermediates\pre-dexed\debug\com.google.firebase-firebase-analytics-impl-9.8.0_a94046c370f8d2353793f846da65f463fc9458ea.jar C:\Users\arhil\OneDrive\Documents\GitHub\490_project\app\build\intermediates\exploded-aar\com.google.firebase\firebase-analytics-impl\9.8.0\jars\classes.jar
java_class_path (initial): C:\Users\arhil\AppData\Local\Android\Sdk\build-tools\25.0.0\lib\dx.jar
Launcher Type: SUN_STANDARD

Environment Variables:
PATH=C:\ProgramData\Oracle\Java\javapath;C:\WINDOWS\system32;C:\WINDOWS;C:\WINDOWS\System32\Wbem;C:\WINDOWS\System32\WindowsPowerShell\v1.0\;C:\Program Files (x86)\Microsoft ASP.NET\ASP.NET Web Pages\v1.0\;C:\Program Files (x86)\Windows Kits\8.0\Windows Performance Toolkit\;C:\Program Files\Microsoft SQL Server\110\Tools\Binn\;C:\Program Files (x86)\Microsoft SQL Server\110\Tools\Binn\ManagementStudio\;C:\Program Files (x86)\Microsoft SQL Server\110\Tools\Binn\;C:\Program Files (x86)\Microsoft SQL Server\110\DTS\Binn\;C:\Program Files (x86)\Skype\Phone\;C:\Program Files (x86)\NVIDIA Corporation\PhysX\Common;C:\Program Files\nodejs\;C:\Program Files\Microsoft\Web Platform Installer\;C:\Program Files\Microsoft SQL Server\120\Tools\Binn\;C:\Program Files\Git\cmd;C:\WINDOWS\system32;C:\WINDOWS;C:\WINDOWS\System32\Wbem;C:\WINDOWS\System32\WindowsPowerShell\v1.0\;C:\Program Files (x86)\Windows Live\Shared;C:\Users\arhil\AppData\Roaming\npm;C:\Program Files (x86)\Microsoft VS Code\bin;C:\Users\arhil\AppData\Local\Microsoft\WindowsApps;
USERNAME=arhil
OS=Windows_NT
PROCESSOR_IDENTIFIER=Intel64 Family 6 Model 58 Stepping 9, GenuineIntel



---------------  S Y S T E M  ---------------

OS: Windows 10.0 , 64 bit Build 14393 (10.0.14393.0)

CPU:total 4 (4 cores per cpu, 1 threads per core) family 6 model 58 stepping 9, cmov, cx8, fxsr, mmx, sse, sse2, sse3, ssse3, sse4.1, sse4.2, popcnt, avx, aes, clmul, erms, tsc, tscinvbit, tscinv

Memory: 4k page, physical 12465892k(2230336k free), swap 16866756k(4492k free)

vm_info: Java HotSpot(TM) 64-Bit Server VM (25.101-b13) for windows-amd64 JRE (1.8.0_101-b13), built on Jun 22 2016 01:21:29 by "java_re" with MS VC++ 10.0 (VS2010)

time: Sat Nov 19 11:59:54 2016
elapsed time: 0 seconds (0d 0h 0m 0s)

